<?xml version="1.0" encoding="UTF-8"?>
<!-- Generated by org.testng.reporters.JUnitReportReporter -->
<testsuite hostname="DESKTOP-NO67EK8" failures="0" tests="6" name="PracticeECommerseAutomation.tests.StandAloneAbstractComponeneTest" time="98.828" errors="0" timestamp="05 Dec 2022 15:08:04 GMT" skipped="4">
  <testcase classname="PracticeECommerseAutomation.tests.StandAloneAbstractComponeneTest" name="submitOrder" time="16.719"/>
  <testcase classname="PracticeECommerseAutomation.tests.StandAloneAbstractComponeneTest" name="submitOrder" time="23.859">
    <skipped/>
  </testcase> <!-- submitOrder -->
  <testcase classname="PracticeECommerseAutomation.tests.StandAloneAbstractComponeneTest" name="submitOrder" time="10.974">
    <skipped/>
  </testcase> <!-- submitOrder -->
  <testcase classname="PracticeECommerseAutomation.tests.StandAloneAbstractComponeneTest" name="submitOrder" time="29.541"/>
  <testcase classname="PracticeECommerseAutomation.tests.StandAloneAbstractComponeneTest" name="verifyOrderPresent" time="0.000">
    <skipped/>
  </testcase> <!-- verifyOrderPresent -->
  <testcase classname="PracticeECommerseAutomation.tests.StandAloneAbstractComponeneTest" name="submitOrder" time="17.735">
    <skipped/>
  </testcase> <!-- submitOrder -->
</testsuite> <!-- PracticeECommerseAutomation.tests.StandAloneAbstractComponeneTest -->
